Using pre-set license
Built from '2020.3/release' branch; Version is '2020.3.2f1 (8fd9074bf66c) revision 9427207'; Using compiler version '192528614'; Build Type 'Release'
OS: 'Windows 10 Pro; OS build 19044.1889; Version 2009; 64bit' Language: 'fr' Physical Memory: 16333 MB
BatchMode: 1, IsHumanControllingUs: 0, StartBugReporterOnCrash: 0, Is64bit: 1, IsPro: 0

 COMMAND LINE ARGUMENTS:
C:\Program Files\Unity\Hub\Editor\2020.3.2f1\Editor\Unity.exe
-adb2
-batchMode
-noUpm
-name
AssetImportWorker0
-projectPath
F:/GameProject/PumpkinSpiceLatte
-logFile
Logs/AssetImportWorker0.log
-srvPort
59249
Successfully changed project path to: F:/GameProject/PumpkinSpiceLatte
F:/GameProject/PumpkinSpiceLatte
Using Asset Import Pipeline V2.
Refreshing native plugins compatible for Editor in 30.33 ms, found 1 plugins.
Preloading 0 native plugins for Editor in 0.00 ms.
Initialize engine version: 2020.3.2f1 (8fd9074bf66c)
[Subsystems] Discovering subsystems at path C:/Program Files/Unity/Hub/Editor/2020.3.2f1/Editor/Data/Resources/UnitySubsystems
[Subsystems] Discovering subsystems at path F:/GameProject/PumpkinSpiceLatte/Assets
GfxDevice: creating device client; threaded=0
Direct3D:
    Version:  Direct3D 11.0 [level 11.1]
    Renderer: NVIDIA GeForce RTX 3070 (ID=0x2484)
    Vendor:   
    VRAM:     8043 MB
    Driver:   30.0.15.1215
Initialize mono
Mono path[0] = 'C:/Program Files/Unity/Hub/Editor/2020.3.2f1/Editor/Data/Managed'
Mono path[1] = 'C:/Program Files/Unity/Hub/Editor/2020.3.2f1/Editor/Data/MonoBleedingEdge/lib/mono/unityjit'
Mono config path = 'C:/Program Files/Unity/Hub/Editor/2020.3.2f1/Editor/Data/MonoBleedingEdge/etc'
Using monoOptions --debugger-agent=transport=dt_socket,embedding=1,server=y,suspend=n,address=127.0.0.1:56048
Begin MonoManager ReloadAssembly
Registering precompiled unity dll's ...
Register platform support module: C:/Program Files/Unity/Hub/Editor/2020.3.2f1/Editor/Data/PlaybackEngines/WebGLSupport/UnityEditor.WebGL.Extensions.dll
Register platform support module: C:/Program Files/Unity/Hub/Editor/2020.3.2f1/Editor/Data/PlaybackEngines/WindowsStandaloneSupport/UnityEditor.WindowsStandalone.Extensions.dll
Registered in 0.002454 seconds.
Native extension for WindowsStandalone target not found
Native extension for WebGL target not found
Refreshing native plugins compatible for Editor in 30.27 ms, found 1 plugins.
Preloading 0 native plugins for Editor in 0.00 ms.
Invoked RoslynAnalysisRunner static constructor.
RoslynAnalysisRunner will not be running.
RoslynAnalysisRunner has terminated.
Mono: successfully reloaded assembly
- Completed reload, in  0.999 seconds
Platform modules already initialized, skipping
Registering precompiled user dll's ...
Registered in 0.000763 seconds.
Begin MonoManager ReloadAssembly
Native extension for WindowsStandalone target not found
Native extension for WebGL target not found
Refreshing native plugins compatible for Editor in 30.19 ms, found 1 plugins.
Preloading 0 native plugins for Editor in 0.00 ms.
Invoked RoslynAnalysisRunner static constructor.
RoslynAnalysisRunner will not be running.
RoslynAnalysisRunner has terminated.
Mono: successfully reloaded assembly
- Completed reload, in  0.757 seconds
Platform modules already initialized, skipping
========================================================================
Worker process is ready to serve import requests
Launched and connected shader compiler UnityShaderCompiler.exe after 0.04 seconds
Refreshing native plugins compatible for Editor in 0.40 ms, found 1 plugins.
Preloading 0 native plugins for Editor in 0.00 ms.
Unloading 1808 Unused Serialized files (Serialized files now loaded: 0)
System memory in use before: 84.9 MB.
System memory in use after: 84.8 MB.

Unloading 24 unused Assets to reduce memory usage. Loaded Objects now: 2251.
Total: 2.582500 ms (FindLiveObjects: 0.235900 ms CreateObjectMapping: 0.042300 ms MarkObjects: 2.147500 ms  DeleteObjects: 0.155400 ms)

========================================================================
Received Import Request.
  path: Assets
  artifactKey: Guid(00000000000000001000000000000000) Importer(815301076,1909f56bfc062723c751e8b465ee728b)
Start importing Assets using Guid(00000000000000001000000000000000) Importer(815301076,1909f56bfc062723c751e8b465ee728b)  -> (artifact id: '819a33a9bd799f71faca6db75e8a216c') in 0.009231 seconds
  Import took 0.012395 seconds .

========================================================================
Received Import Request.
  Time since last request: 3.075899 seconds.
  path: Assets/Script
  artifactKey: Guid(af3603892ea707a4cb5247d9068a6605) Importer(815301076,1909f56bfc062723c751e8b465ee728b)
Start importing Assets/Script using Guid(af3603892ea707a4cb5247d9068a6605) Importer(815301076,1909f56bfc062723c751e8b465ee728b)  -> (artifact id: '3eb8283a86a6d5ed052109c8a047a10c') in 0.005659 seconds
  Import took 0.008829 seconds .

========================================================================
Received Import Request.
  Time since last request: 405.359170 seconds.
  path: Assets/Script/PatrollingMonster.cs
  artifactKey: Guid(c804c210b12545946b0f2a9f6b279ee3) Importer(815301076,1909f56bfc062723c751e8b465ee728b)
Start importing Assets/Script/PatrollingMonster.cs using Guid(c804c210b12545946b0f2a9f6b279ee3) Importer(815301076,1909f56bfc062723c751e8b465ee728b)  -> (artifact id: '35976ee51841b62310bbfefb1428f143') in 0.045210 seconds
  Import took 0.048567 seconds .

========================================================================
Received Prepare
Registering precompiled user dll's ...
Registered in 0.000810 seconds.
Begin MonoManager ReloadAssembly
Native extension for WindowsStandalone target not found
Native extension for WebGL target not found
Refreshing native plugins compatible for Editor in 0.43 ms, found 1 plugins.
Preloading 0 native plugins for Editor in 0.00 ms.
Invoked RoslynAnalysisRunner static constructor.
RoslynAnalysisRunner will not be running.
RoslynAnalysisRunner has terminated.
Mono: successfully reloaded assembly
- Completed reload, in  0.699 seconds
Platform modules already initialized, skipping
Refreshing native plugins compatible for Editor in 0.44 ms, found 1 plugins.
Preloading 0 native plugins for Editor in 0.00 ms.
Unloading 1804 Unused Serialized files (Serialized files now loaded: 0)
System memory in use before: 84.8 MB.
System memory in use after: 84.8 MB.

Unloading 12 unused Assets to reduce memory usage. Loaded Objects now: 2256.
Total: 2.187800 ms (FindLiveObjects: 0.251000 ms CreateObjectMapping: 0.038900 ms MarkObjects: 1.770700 ms  DeleteObjects: 0.126200 ms)

========================================================================
Received Import Request.
  Time since last request: 340.949125 seconds.
  path: Assets/Script/PatrollingMonster.cs
  artifactKey: Guid(c804c210b12545946b0f2a9f6b279ee3) Importer(815301076,1909f56bfc062723c751e8b465ee728b)
Start importing Assets/Script/PatrollingMonster.cs using Guid(c804c210b12545946b0f2a9f6b279ee3) Importer(815301076,1909f56bfc062723c751e8b465ee728b)  -> (artifact id: 'ca416f15aed61438193f8b8e9bf7c3f9') in 0.005282 seconds
  Import took 0.008634 seconds .

========================================================================
Received Import Request.
  Time since last request: 0.000964 seconds.
  path: Assets/Script/PatrollingMonster.cs
  artifactKey: Guid(c804c210b12545946b0f2a9f6b279ee3) Importer(815301076,1909f56bfc062723c751e8b465ee728b)
Start importing Assets/Script/PatrollingMonster.cs using Guid(c804c210b12545946b0f2a9f6b279ee3) Importer(815301076,1909f56bfc062723c751e8b465ee728b)  -> (artifact id: 'ca416f15aed61438193f8b8e9bf7c3f9') in 0.002246 seconds
  Import took 0.004890 seconds .

AssetImportWorkerClient::OnTransportError - code=2 error=End of file
